<?xml version="1.0" encoding="UTF-8"?>
<testng-results ignored="0" total="2" passed="2" failed="0" skipped="0">
  <reporter-output>
  </reporter-output>
  <suite started-at="2025-09-21T21:56:33 IST" name="Suite" finished-at="2025-09-21T21:56:37 IST" duration-ms="4019">
    <groups>
    </groups>
    <test started-at="2025-09-21T21:56:33 IST" name="Test" finished-at="2025-09-21T21:56:37 IST" duration-ms="4019">
      <class name="tests.TC_002LogoutFunction">
        <test-method signature="loginFunction()[pri:0, instance:tests.TC_002LogoutFunction@41fecb8b]" started-at="2025-09-21T21:56:33 IST" name="loginFunction" finished-at="2025-09-21T21:56:37 IST" duration-ms="3956" status="PASS">
          <reporter-output>
          </reporter-output>
        </test-method> <!-- loginFunction -->
      </class> <!-- tests.TC_002LogoutFunction -->
      <class name="tests.TC_001LoginFunction">
        <test-method signature="loginFunction()[pri:0, instance:tests.TC_001LoginFunction@3e6ef8ad]" started-at="2025-09-21T21:56:33 IST" name="loginFunction" finished-at="2025-09-21T21:56:37 IST" duration-ms="3954" status="PASS">
          <reporter-output>
          </reporter-output>
        </test-method> <!-- loginFunction -->
      </class> <!-- tests.TC_001LoginFunction -->
    </test> <!-- Test -->
  </suite> <!-- Suite -->
</testng-results>
